<?xml version="1.0" encoding="UTF-8"?>
<!-- Generated by org.testng.reporters.JUnitReportReporter -->
<testsuite hostname="DESKTOP-K4N0KLF" failures="0" tests="2" name="com.example.tests.LoginPageTests" time="23.441" errors="0" timestamp="2024-06-24T12:29:30 IST" skipped="0">
  <testcase classname="com.example.tests.LoginPageTests" name="invalidCredentials" time="10.591"/>
  <testcase classname="com.example.tests.LoginPageTests" name="validCredentials" time="12.850"/>
</testsuite> <!-- com.example.tests.LoginPageTests -->
